[template4.dorik.io/index.html]
[backblue.gif]
[fade.gif]
[index.html]
[assets.dorik.io/5e373b6c43a72a001f56dbf6/images/logo_uy2e7z7i.png]
[cdn.dorik.com/5e83972933cd3200120dbb35/css/indexe50f.css]
[assets.dorik.io/shared/aos.css]
[cdn.dorik.com/5e373b6c43a72a001f56dbf6/images/logo_uy2e7z7i.png]
[assets.dorik.io/5e83972933cd3200120dbb35/images/features-1_gw56rl6t.jpg]
[assets.dorik.io/5e83972933cd3200120dbb35/images/2features-1_1h4ljbgy.jpg]
[assets.dorik.io/5e83972933cd3200120dbb35/images/1_hue8rz6j.png]
[assets.dorik.io/5e83972933cd3200120dbb35/images/2_ynw4leef.png]
[assets.dorik.io/5e83972933cd3200120dbb35/images/3_4n225w2l.png]
[assets.dorik.io/5e83972933cd3200120dbb35/images/4_q82oqnt8.png]
[assets.dorik.io/5e83972933cd3200120dbb35/images/5_gji6c497.png]
[assets.dorik.io/5e83972933cd3200120dbb35/images/6_cncbzwv8.png]
[assets.dorik.io/5e83972933cd3200120dbb35/images/7_55a71jgh.png]
[assets.dorik.io/5e83972933cd3200120dbb35/images/1_cq65ovat.jpg]
[assets.dorik.io/5e83972933cd3200120dbb35/images/2_jm7uii2s.jpg]
[assets.dorik.io/5e83972933cd3200120dbb35/images/3_73udcgqe.jpg]
[assets.dorik.io/5e83972933cd3200120dbb35/images/5_v72djmc4.jpg]
[assets.dorik.io/5e83972933cd3200120dbb35/images/4_umccf7z2.jpg]
[assets.dorik.io/5e83972933cd3200120dbb35/images/7_k5lgr3wo.jpg]
[assets.dorik.io/5e83972933cd3200120dbb35/images/6_9qq4fshs.jpg]
[assets.dorik.io/5e83972933cd3200120dbb35/images/8_qt5eb769.jpg]
[assets.dorik.io/5e83972933cd3200120dbb35/images/2_cm5e6q7x.jpg]
[assets.dorik.io/5e83972933cd3200120dbb35/images/1_b5crzmuw.jpg]
[assets.dorik.io/shared/jquery-3.5.1.min.js]
[template4.dorik.io/index.html]
[assets.dorik.io/shared/aos.js]
[fonts.googleapis.com/cssbe0b.css]
[assets.dorik.io/5e83972933cd3200120dbb35/images/2features-1_1h4ljbgy.jpg]
[assets.dorik.io/5e83972933cd3200120dbb35/images/features-1_gw56rl6t.jpg]
[cdn.dorik.com/5e373b6c43a72a001f56dbf6/images/logo_uy2e7z7i.png]
[assets.dorik.io/5e83972933cd3200120dbb35/images/4_umccf7z2.jpg]
[assets.dorik.io/shared/aos.js]
[assets.dorik.io/shared/jquery-3.5.1.min.js]
[assets.dorik.io/5e83972933cd3200120dbb35/images/3_73udcgqe.jpg]
[assets.dorik.io/5e83972933cd3200120dbb35/images/home-bg_uqjxsag0.jpg]
[assets.dorik.io/5e373b6c43a72a001f56dbf6/images/photo-1518976024611-28bf4b48222e_2xji4rah.jpg]
[assets.dorik.io/5e373b6c43a72a001f56dbf6/images/photo-3_92an3ob6.jpg]
[cdn.dorik.com/5e83972933cd3200120dbb35/css/indexe50f.css]
[assets.dorik.io/shared/aos.css]
